demo/build/intermediates/manifest_merge_blame_file/debug/manifest-merger-blame-debug-report.txt
1<?xml version="1.0" encoding="utf-8"?>
2<manifest xmlns:android="http://schemas.android.com/apk/res/android"
3    xmlns:tools="http://schemas.android.com/tools"
4    package="com.otaliastudios.cameraview.demo"
5    android:versionCode="1"
6    android:versionName="1.0" >
7
8    <uses-sdk
9        android:minSdkVersion="15"
9-->src\main\AndroidManifest.xml
10        android:targetSdkVersion="29" />
10-->src\main\AndroidManifest.xml
11
12    <application
12-->src\main\AndroidManifest.xml:5:5-23:19
13        android:allowBackup="false"
13-->src\main\AndroidManifest.xml:6:9-36
14        android:icon="@mipmap/logo"
14-->src\main\AndroidManifest.xml:7:9-36
15        android:label="@string/app_name"
15-->src\main\AndroidManifest.xml:8:9-41
16        android:supportsRtl="true"
16-->src\main\AndroidManifest.xml:9:9-35
17        android:theme="@style/AppTheme"
17-->src\main\AndroidManifest.xml:10:9-40
18        tools:ignore="GoogleAppIndexingWarning" >
18-->src\main\AndroidManifest.xml:11:9-48
19
20        <!-- <activity -->
21        <!-- android:name=".CameraActivity" -->
22        <!-- android:configChanges="screenLayout|keyboardHidden" -->
23        <!-- android:hardwareAccelerated="true"> -->
24        <!-- </activity> -->
25
26
27        <!-- <activity -->
28        <!-- android:name=".PicturePreviewActivity" -->
29        <!-- android:label="Picture Preview" /> -->
30
31    </application>
32
33</manifest>